Using pre-set license
Built from '2020.3/staging' branch; Version is '2020.3.14f1 (d0d1bb862f9d) revision 13685179'; Using compiler version '192528614'; Build Type 'Release'
OS: 'Windows 10 Home; OS build 19042.1110; Version 2009; 64bit' Language: 'en' Physical Memory: 32628 MB
BatchMode: 1, IsHumanControllingUs: 0, StartBugReporterOnCrash: 0, Is64bit: 1, IsPro: 0

 COMMAND LINE ARGUMENTS:
A:\Program Files (x86)\Unity\2020.3.14f1\Editor\Unity.exe
-adb2
-batchMode
-noUpm
-name
AssetImportWorker0
-projectPath
A:/Program Files (x86)/Unity/Repos/Space Shooter/Space Shooter
-logFile
Logs/AssetImportWorker0.log
-srvPort
63909
Successfully changed project path to: A:/Program Files (x86)/Unity/Repos/Space Shooter/Space Shooter
A:/Program Files (x86)/Unity/Repos/Space Shooter/Space Shooter
Using Asset Import Pipeline V2.
Refreshing native plugins compatible for Editor in 61.97 ms, found 3 plugins.
Preloading 0 native plugins for Editor in 0.00 ms.
Initialize engine version: 2020.3.14f1 (d0d1bb862f9d)
[Subsystems] Discovering subsystems at path A:/Program Files (x86)/Unity/2020.3.14f1/Editor/Data/Resources/UnitySubsystems
[Subsystems] Discovering subsystems at path A:/Program Files (x86)/Unity/Repos/Space Shooter/Space Shooter/Assets
GfxDevice: creating device client; threaded=0
Direct3D:
    Version:  Direct3D 11.0 [level 11.1]
    Renderer: NVIDIA GeForce RTX 2070 with Max-Q Design (ID=0x1f14)
    Vendor:   
    VRAM:     8031 MB
    Driver:   27.21.14.6627
Shader 'Universal Render Pipeline/Particles/Lit': fallback shader 'Universal Render Pipeline/Particles/SimpleLit' not found
Initialize mono
Mono path[0] = 'A:/Program Files (x86)/Unity/2020.3.14f1/Editor/Data/Managed'
Mono path[1] = 'A:/Program Files (x86)/Unity/2020.3.14f1/Editor/Data/MonoBleedingEdge/lib/mono/unityjit'
Mono config path = 'A:/Program Files (x86)/Unity/2020.3.14f1/Editor/Data/MonoBleedingEdge/etc'
Using monoOptions --debugger-agent=transport=dt_socket,embedding=1,server=y,suspend=n,address=127.0.0.1:56784
Begin MonoManager ReloadAssembly
Registering precompiled unity dll's ...
Register platform support module: A:/Program Files (x86)/Unity/2020.3.14f1/Editor/Data/PlaybackEngines/WindowsStandaloneSupport/UnityEditor.WindowsStandalone.Extensions.dll
Registered in 0.001051 seconds.
Native extension for WindowsStandalone target not found
Refreshing native plugins compatible for Editor in 62.12 ms, found 3 plugins.
Preloading 0 native plugins for Editor in 0.00 ms.
Mono: successfully reloaded assembly
- Completed reload, in  1.541 seconds
Domain Reload Profiling:
	ReloadAssembly (1541ms)
		BeginReloadAssembly (78ms)
			ExecutionOrderSort (0ms)
			DisableScriptedObjects (0ms)
			BackupInstance (0ms)
			ReleaseScriptingObjects (0ms)
			CreateAndSetChildDomain (1ms)
		EndReloadAssembly (406ms)
			LoadAssemblies (78ms)
			RebuildTransferFunctionScriptingTraits (0ms)
			SetupTypeCache (135ms)
			ReleaseScriptCaches (0ms)
			RebuildScriptCaches (29ms)
			SetupLoadedEditorAssemblies (177ms)
				LogAssemblyErrors (0ms)
				InitializePlatformSupportModulesInManaged (3ms)
				SetLoadedEditorAssemblies (0ms)
				RefreshPlugins (62ms)
				BeforeProcessingInitializeOnLoad (13ms)
				ProcessInitializeOnLoadAttributes (74ms)
				ProcessInitializeOnLoadMethodAttributes (25ms)
				AfterProcessingInitializeOnLoad (0ms)
				EditorAssembliesLoaded (0ms)
			ExecutionOrderSort2 (0ms)
			AwakeInstancesAfterBackupRestoration (0ms)
Platform modules already initialized, skipping
Registering precompiled user dll's ...
Registered in 0.004836 seconds.
Begin MonoManager ReloadAssembly
Native extension for WindowsStandalone target not found
Refreshing native plugins compatible for Editor in 53.40 ms, found 3 plugins.
Preloading 0 native plugins for Editor in 0.00 ms.
Mono: successfully reloaded assembly
- Completed reload, in  1.149 seconds
Domain Reload Profiling:
	ReloadAssembly (1150ms)
		BeginReloadAssembly (150ms)
			ExecutionOrderSort (0ms)
			DisableScriptedObjects (4ms)
			BackupInstance (0ms)
			ReleaseScriptingObjects (0ms)
			CreateAndSetChildDomain (17ms)
		EndReloadAssembly (952ms)
			LoadAssemblies (137ms)
			RebuildTransferFunctionScriptingTraits (0ms)
			SetupTypeCache (303ms)
			ReleaseScriptCaches (1ms)
			RebuildScriptCaches (58ms)
			SetupLoadedEditorAssemblies (369ms)
				LogAssemblyErrors (0ms)
				InitializePlatformSupportModulesInManaged (3ms)
				SetLoadedEditorAssemblies (0ms)
				RefreshPlugins (53ms)
				BeforeProcessingInitializeOnLoad (99ms)
				ProcessInitializeOnLoadAttributes (198ms)
				ProcessInitializeOnLoadMethodAttributes (13ms)
				AfterProcessingInitializeOnLoad (2ms)
				EditorAssembliesLoaded (0ms)
			ExecutionOrderSort2 (0ms)
			AwakeInstancesAfterBackupRestoration (5ms)
Platform modules already initialized, skipping
========================================================================
Worker process is ready to serve import requests
Shader 'Universal Render Pipeline/Particles/Lit': fallback shader 'Universal Render Pipeline/Particles/SimpleLit' not found
Launched and connected shader compiler UnityShaderCompiler.exe after 0.04 seconds
Refreshing native plugins compatible for Editor in 0.71 ms, found 3 plugins.
Preloading 0 native plugins for Editor in 0.00 ms.
Unloading 3405 Unused Serialized files (Serialized files now loaded: 0)
System memory in use before: 152.5 MB.
System memory in use after: 152.7 MB.

Unloading 29 unused Assets to reduce memory usage. Loaded Objects now: 3847.
Total: 3.037300 ms (FindLiveObjects: 0.267700 ms CreateObjectMapping: 0.128000 ms MarkObjects: 2.523700 ms  DeleteObjects: 0.117200 ms)

AssetImportParameters requested are different than current active one (requested -> active):
  custom:framework-win-MediaFoundation: 216162199b28c13a410421893ffa2e32 -> 
  custom:video-decoder-ogg-theora: a1e56fd34408186e4bbccfd4996cb3dc -> 
  custom:container-muxer-webm: aa71ff27fc2769a1b78a27578f13a17b -> 
  custom:container-demuxer-webm: 4f35f7cbe854078d1ac9338744f61a02 -> 
  custom:container-demuxer-ogg: 62fdf1f143b41e24485cea50d1cbac27 -> 
  custom:video-encoder-webm-vp8: eb34c28f22e8b96e1ab97ce403110664 -> 
  custom:video-decoder-webm-vp8: 9c59270c3fd7afecdb556c50c9e8de78 -> 
  custom:audio-decoder-ogg-vorbis: bf7c407c2cedff20999df2af8eb42d56 -> 
  custom:audio-encoder-webm-vorbis: bf7c407c2cedff20999df2af8eb42d56 -> 
========================================================================
Received Import Request.
  path: Assets/Prefabs/Asteroid.prefab
  artifactKey: Guid(d76d9dc9736f793438d27f7275db9ca4) Importer(815301076,1909f56bfc062723c751e8b465ee728b)
Start importing Assets/Prefabs/Asteroid.prefab using Guid(d76d9dc9736f793438d27f7275db9ca4) Importer(815301076,1909f56bfc062723c751e8b465ee728b)  -> (artifact id: 'f83162382d501ea6d9cc4e10c6e11e5f') in 0.212296 seconds 
  Import took 0.216675 seconds .

========================================================================
Received Prepare
Registering precompiled user dll's ...
Registered in 0.004968 seconds.
Begin MonoManager ReloadAssembly
Native extension for WindowsStandalone target not found
Refreshing native plugins compatible for Editor in 0.64 ms, found 3 plugins.
Preloading 0 native plugins for Editor in 0.00 ms.
Mono: successfully reloaded assembly
- Completed reload, in  1.105 seconds
Domain Reload Profiling:
	ReloadAssembly (1106ms)
		BeginReloadAssembly (153ms)
			ExecutionOrderSort (0ms)
			DisableScriptedObjects (11ms)
			BackupInstance (0ms)
			ReleaseScriptingObjects (0ms)
			CreateAndSetChildDomain (34ms)
		EndReloadAssembly (905ms)
			LoadAssemblies (141ms)
			RebuildTransferFunctionScriptingTraits (0ms)
			SetupTypeCache (308ms)
			ReleaseScriptCaches (1ms)
			RebuildScriptCaches (47ms)
			SetupLoadedEditorAssemblies (302ms)
				LogAssemblyErrors (0ms)
				InitializePlatformSupportModulesInManaged (4ms)
				SetLoadedEditorAssemblies (0ms)
				RefreshPlugins (1ms)
				BeforeProcessingInitializeOnLoad (98ms)
				ProcessInitializeOnLoadAttributes (193ms)
				ProcessInitializeOnLoadMethodAttributes (5ms)
				AfterProcessingInitializeOnLoad (2ms)
				EditorAssembliesLoaded (0ms)
			ExecutionOrderSort2 (0ms)
			AwakeInstancesAfterBackupRestoration (17ms)
Platform modules already initialized, skipping
Shader 'Universal Render Pipeline/Particles/Lit': fallback shader 'Universal Render Pipeline/Particles/SimpleLit' not found
Refreshing native plugins compatible for Editor in 0.73 ms, found 3 plugins.
Preloading 0 native plugins for Editor in 0.00 ms.
Unloading 3279 Unused Serialized files (Serialized files now loaded: 0)
System memory in use before: 147.1 MB.
System memory in use after: 147.3 MB.

Unloading 17 unused Assets to reduce memory usage. Loaded Objects now: 3923.
Total: 2.481000 ms (FindLiveObjects: 0.296400 ms CreateObjectMapping: 0.156900 ms MarkObjects: 2.012000 ms  DeleteObjects: 0.015000 ms)

AssetImportParameters requested are different than current active one (requested -> active):
  custom:framework-win-MediaFoundation: 216162199b28c13a410421893ffa2e32 -> 
  custom:video-decoder-ogg-theora: a1e56fd34408186e4bbccfd4996cb3dc -> 
  custom:container-muxer-webm: aa71ff27fc2769a1b78a27578f13a17b -> 
  custom:container-demuxer-webm: 4f35f7cbe854078d1ac9338744f61a02 -> 
  custom:container-demuxer-ogg: 62fdf1f143b41e24485cea50d1cbac27 -> 
  custom:video-encoder-webm-vp8: eb34c28f22e8b96e1ab97ce403110664 -> 
  custom:video-decoder-webm-vp8: 9c59270c3fd7afecdb556c50c9e8de78 -> 
  custom:audio-decoder-ogg-vorbis: bf7c407c2cedff20999df2af8eb42d56 -> 
  custom:audio-encoder-webm-vorbis: bf7c407c2cedff20999df2af8eb42d56 -> 
========================================================================
Received Import Request.
  Time since last request: 681.109902 seconds.
  path: Assets/Prefabs
  artifactKey: Guid(c85500bbed423e9408d9129e387282fc) Importer(815301076,1909f56bfc062723c751e8b465ee728b)
Start importing Assets/Prefabs using Guid(c85500bbed423e9408d9129e387282fc) Importer(815301076,1909f56bfc062723c751e8b465ee728b)  -> (artifact id: 'ad4f42f5fd9c505c943dfc5f6c469bb9') in 0.012506 seconds 
  Import took 0.018576 seconds .

========================================================================
Received Import Request.
  Time since last request: 5.757258 seconds.
  path: Assets/Prefabs/Audio_Manager.prefab
  artifactKey: Guid(1f897601c2b67a8498a80273868c4108) Importer(815301076,1909f56bfc062723c751e8b465ee728b)
Start importing Assets/Prefabs/Audio_Manager.prefab using Guid(1f897601c2b67a8498a80273868c4108) Importer(815301076,1909f56bfc062723c751e8b465ee728b)  -> (artifact id: '05baf0bd19be7750e0beafa3831b58be') in 0.030903 seconds 
  Import took 0.035643 seconds .

========================================================================
Received Import Request.
  Time since last request: 238.712856 seconds.
  path: Assets/Prefabs/idle.anim
  artifactKey: Guid(89cdf8d3dcbf095419e9b329589d86f2) Importer(815301076,1909f56bfc062723c751e8b465ee728b)
Start importing Assets/Prefabs/idle.anim using Guid(89cdf8d3dcbf095419e9b329589d86f2) Importer(815301076,1909f56bfc062723c751e8b465ee728b)  -> (artifact id: '56be380d70c626046818c5370f0db8ea') in 0.006574 seconds 
  Import took 0.012101 seconds .

========================================================================
Received Import Request.
  Time since last request: 3.168146 seconds.
  path: Assets/Prefabs/SoundEffectManager.prefab
  artifactKey: Guid(1f350dbd9f8e7b34190cfd20f1cf4c9d) Importer(815301076,1909f56bfc062723c751e8b465ee728b)
Start importing Assets/Prefabs/SoundEffectManager.prefab using Guid(1f350dbd9f8e7b34190cfd20f1cf4c9d) Importer(815301076,1909f56bfc062723c751e8b465ee728b)  -> (artifact id: 'a8f8a684dcff1493bbf507bd37628e2e') in 0.008111 seconds 
  Import took 0.012602 seconds .

========================================================================
Received Import Request.
  Time since last request: 0.009674 seconds.
  path: Assets/Prefabs/SoundEffectManager.prefab
  artifactKey: Guid(1f350dbd9f8e7b34190cfd20f1cf4c9d) Importer(815301076,1909f56bfc062723c751e8b465ee728b)
Start importing Assets/Prefabs/SoundEffectManager.prefab using Guid(1f350dbd9f8e7b34190cfd20f1cf4c9d) Importer(815301076,1909f56bfc062723c751e8b465ee728b)  -> (artifact id: 'a8f8a684dcff1493bbf507bd37628e2e') in 0.006150 seconds 
  Import took 0.010280 seconds .

========================================================================
Received Import Request.
  Time since last request: 21.912678 seconds.
  path: Assets/Audio/power_up_sound.wav
  artifactKey: Guid(5ee343246919d2b4bba63ae629e95494) Importer(815301076,1909f56bfc062723c751e8b465ee728b)
Start importing Assets/Audio/power_up_sound.wav using Guid(5ee343246919d2b4bba63ae629e95494) Importer(815301076,1909f56bfc062723c751e8b465ee728b)  -> (artifact id: '312e2b321e622256c71488cac5b81e02') in 0.078975 seconds 
  Import took 0.083692 seconds .

========================================================================
Received Import Request.
  Time since last request: 7.924753 seconds.
  path: Assets/Scenes/Credits Scene.unity
  artifactKey: Guid(a609d35e720aab740a13440ce02a2199) Importer(815301076,1909f56bfc062723c751e8b465ee728b)
Start importing Assets/Scenes/Credits Scene.unity using Guid(a609d35e720aab740a13440ce02a2199) Importer(815301076,1909f56bfc062723c751e8b465ee728b)  -> (artifact id: 'cf1c3fe9c0c8cfaecc0926d0c21e50aa') in 0.005425 seconds 
  Import took 0.010146 seconds .

========================================================================
Received Import Request.
  Time since last request: 13.696212 seconds.
  path: Assets/Scripts/Background
  artifactKey: Guid(ecab51e89cf99794c90e841fa56b3fc2) Importer(815301076,1909f56bfc062723c751e8b465ee728b)
Start importing Assets/Scripts/Background using Guid(ecab51e89cf99794c90e841fa56b3fc2) Importer(815301076,1909f56bfc062723c751e8b465ee728b)  -> (artifact id: 'f3a022c21751a17bff4c1a292bef3e51') in 0.005222 seconds 
  Import took 0.010094 seconds .

========================================================================
Received Import Request.
  Time since last request: 16.049946 seconds.
  path: Assets/Canvas.cs
  artifactKey: Guid(d7195195363daee4a87792ed3b769180) Importer(815301076,1909f56bfc062723c751e8b465ee728b)
Start importing Assets/Canvas.cs using Guid(d7195195363daee4a87792ed3b769180) Importer(815301076,1909f56bfc062723c751e8b465ee728b)  -> (artifact id: 'b76a6a01211b9f106c71529e0e6accdb') in 0.007578 seconds 
  Import took 0.012763 seconds .

========================================================================
Received Prepare
Registering precompiled user dll's ...
Registered in 0.005772 seconds.
Begin MonoManager ReloadAssembly
Native extension for WindowsStandalone target not found
Refreshing native plugins compatible for Editor in 0.69 ms, found 3 plugins.
Preloading 0 native plugins for Editor in 0.00 ms.
Mono: successfully reloaded assembly
- Completed reload, in  1.083 seconds
Domain Reload Profiling:
	ReloadAssembly (1084ms)
		BeginReloadAssembly (126ms)
			ExecutionOrderSort (0ms)
			DisableScriptedObjects (6ms)
			BackupInstance (0ms)
			ReleaseScriptingObjects (0ms)
			CreateAndSetChildDomain (33ms)
		EndReloadAssembly (909ms)
			LoadAssemblies (144ms)
			RebuildTransferFunctionScriptingTraits (0ms)
			SetupTypeCache (302ms)
			ReleaseScriptCaches (2ms)
			RebuildScriptCaches (49ms)
			SetupLoadedEditorAssemblies (295ms)
				LogAssemblyErrors (0ms)
				InitializePlatformSupportModulesInManaged (4ms)
				SetLoadedEditorAssemblies (0ms)
				RefreshPlugins (1ms)
				BeforeProcessingInitializeOnLoad (93ms)
				ProcessInitializeOnLoadAttributes (189ms)
				ProcessInitializeOnLoadMethodAttributes (5ms)
				AfterProcessingInitializeOnLoad (2ms)
				EditorAssembliesLoaded (0ms)
			ExecutionOrderSort2 (0ms)
			AwakeInstancesAfterBackupRestoration (19ms)
Platform modules already initialized, skipping
Shader 'Universal Render Pipeline/Particles/Lit': fallback shader 'Universal Render Pipeline/Particles/SimpleLit' not found
Refreshing native plugins compatible for Editor in 0.69 ms, found 3 plugins.
Preloading 0 native plugins for Editor in 0.00 ms.
Unloading 3252 Unused Serialized files (Serialized files now loaded: 0)
System memory in use before: 146.7 MB.
System memory in use after: 146.9 MB.

Unloading 44 unused Assets to reduce memory usage. Loaded Objects now: 3903.
Total: 2.519000 ms (FindLiveObjects: 0.288800 ms CreateObjectMapping: 0.146100 ms MarkObjects: 2.059300 ms  DeleteObjects: 0.024100 ms)

AssetImportParameters requested are different than current active one (requested -> active):
  custom:framework-win-MediaFoundation: 216162199b28c13a410421893ffa2e32 -> 
  custom:video-decoder-ogg-theora: a1e56fd34408186e4bbccfd4996cb3dc -> 
  custom:container-muxer-webm: aa71ff27fc2769a1b78a27578f13a17b -> 
  custom:container-demuxer-webm: 4f35f7cbe854078d1ac9338744f61a02 -> 
  custom:container-demuxer-ogg: 62fdf1f143b41e24485cea50d1cbac27 -> 
  custom:video-encoder-webm-vp8: eb34c28f22e8b96e1ab97ce403110664 -> 
  custom:video-decoder-webm-vp8: 9c59270c3fd7afecdb556c50c9e8de78 -> 
  custom:audio-decoder-ogg-vorbis: bf7c407c2cedff20999df2af8eb42d56 -> 
  custom:audio-encoder-webm-vorbis: bf7c407c2cedff20999df2af8eb42d56 -> 
